
06:19:05: -----------------------------------------------------------------------------
06:19:05: Microsoft Windows 10 Enterprise
06:19:05:  (9200)

06:19:05: C:\Users\vmishra\source\repos\EmployeeManagementSystem\EmployeeManagementSystem\bin\Debug\EmployeeManagementSystem.exe (Process Id: 29312, Thread Id: 1)
06:19:05: Version 1.0.0.0 Build 0
06:19:05: User language: English (United States), System language: en-US
06:19:05: Report Level 5
06:19:05: Username: VMishra, Workstation: BLR-LT-101247
06:19:05: Tuesday, November 3, 2020
06:19:05: -----------------------------------------------------------------------------
06:19:16 INFO: EmployeeManagementSystem.CommandInvoker+<InvokeAsync>d__4.MoveNext - Invoking command - SearchCommand 
06:19:17 INFO: EmployeeManagementSystem.CommandInvoker+<InvokeAsync>d__4.MoveNext - Invoking command - SearchCommand 
06:19:29 INFO: EmployeeManagementSystem.CommandInvoker+<InvokeAsync>d__4.MoveNext - Invoking command - SearchCommand 
06:19:29 INFO: EmployeeManagementSystem.CommandInvoker+<InvokeAsync>d__4.MoveNext - Invoking command - SearchCommand 
06:20:05 INFO: EmployeeManagementSystem.CommandInvoker+<InvokeAsync>d__4.MoveNext - Invoking command - SearchCommand 
06:20:05 INFO: EmployeeManagementSystem.CommandInvoker+<InvokeAsync>d__4.MoveNext - Invoking command - SearchCommand 

06:20:13: -----------------------------------------------------------------------------
06:20:13: Microsoft Windows 10 Enterprise
06:20:13:  (9200)

06:20:13: C:\Users\vmishra\source\repos\EmployeeManagementSystem\EmployeeManagementSystem\bin\Debug\EmployeeManagementSystem.exe (Process Id: 29432, Thread Id: 1)
06:20:13: Version 1.0.0.0 Build 0
06:20:13: User language: English (United States), System language: en-US
06:20:13: Report Level 5
06:20:13: Username: VMishra, Workstation: BLR-LT-101247
06:20:13: Tuesday, November 3, 2020
06:20:13: -----------------------------------------------------------------------------
06:20:20 INFO: EmployeeManagementSystem.CommandInvoker+<InvokeAsync>d__4.MoveNext - Invoking command - SearchCommand 
06:20:20 INFO: EmployeeManagementSystem.CommandInvoker+<InvokeAsync>d__4.MoveNext - Invoking command - SearchCommand 
06:20:50 INFO: EmployeeManagementSystem.CommandInvoker+<InvokeAsync>d__4.MoveNext - Invoking command - SearchCommand 
06:21:00 INFO: EmployeeManagementSystem.CommandInvoker+<InvokeAsync>d__4.MoveNext - Invoking command - SearchCommand 

06:22:35: -----------------------------------------------------------------------------
06:22:35: Microsoft Windows 10 Enterprise
06:22:35:  (9200)

06:22:35: C:\Users\vmishra\source\repos\EmployeeManagementSystem\EmployeeManagementSystem\bin\Debug\EmployeeManagementSystem.exe (Process Id: 23284, Thread Id: 1)
06:22:35: Version 1.0.0.0 Build 0
06:22:35: User language: English (United States), System language: en-US
06:22:35: Report Level 5
06:22:35: Username: VMishra, Workstation: BLR-LT-101247
06:22:35: Tuesday, November 3, 2020
06:22:35: -----------------------------------------------------------------------------
06:22:53 INFO: EmployeeManagementSystem.CommandInvoker+<InvokeAsync>d__4.MoveNext - Invoking command - SearchCommand 
06:22:56 INFO: EmployeeManagementSystem.CommandInvoker+<InvokeAsync>d__4.MoveNext - Invoking command - SearchCommand 
06:23:03 INFO: EmployeeManagementSystem.CommandInvoker+<InvokeAsync>d__4.MoveNext - Invoking command - SearchCommand 
06:23:56 INFO: EmployeeManagementSystem.CommandInvoker+<InvokeAsync>d__4.MoveNext - Invoking command - SearchCommand 
06:31:53 INFO: EmployeeManagementSystem.CommandInvoker+<InvokeAsync>d__4.MoveNext - Invoking command - SearchCommand 
06:32:14 INFO: EmployeeManagementSystem.CommandInvoker+<InvokeAsync>d__4.MoveNext - Invoking command - SearchCommand 

06:34:23: -----------------------------------------------------------------------------
06:34:23: Microsoft Windows 10 Enterprise
06:34:23:  (9200)

06:34:23: C:\Users\vmishra\source\repos\EmployeeManagementSystem\EmployeeManagementSystem\bin\Debug\EmployeeManagementSystem.exe (Process Id: 35360, Thread Id: 1)
06:34:23: Version 1.0.0.0 Build 0
06:34:23: User language: English (United States), System language: en-US
06:34:23: Report Level 5
06:34:23: Username: VMishra, Workstation: BLR-LT-101247
06:34:23: Tuesday, November 3, 2020
06:34:23: -----------------------------------------------------------------------------
06:34:29 INFO: EmployeeManagementSystem.CommandInvoker+<InvokeAsync>d__4.MoveNext - Invoking command - SearchCommand 
06:34:32 INFO: EmployeeManagementSystem.CommandInvoker+<InvokeAsync>d__4.MoveNext - Invoking command - SearchCommand 
06:34:38 INFO: EmployeeManagementSystem.CommandInvoker+<InvokeAsync>d__4.MoveNext - Invoking command - SearchCommand 
06:34:54 INFO: EmployeeManagementSystem.CommandInvoker+<InvokeAsync>d__4.MoveNext - Invoking command - SearchCommand 
06:35:28 INFO: EmployeeManagementSystem.CommandInvoker+<InvokeAsync>d__4.MoveNext - Invoking command - SearchCommand 
06:35:39 INFO: EmployeeManagementSystem.CommandInvoker+<InvokeAsync>d__4.MoveNext - Invoking command - SearchCommand 
06:35:42 INFO: EmployeeManagementSystem.CommandInvoker+<InvokeAsync>d__4.MoveNext - Invoking command - SearchCommand 
06:36:44 INFO: EmployeeManagementSystem.CommandInvoker+<InvokeAsync>d__4.MoveNext - Invoking command - SearchCommand 
06:36:45 INFO: EmployeeManagementSystem.CommandInvoker+<InvokeAsync>d__4.MoveNext - Invoking command - SearchCommand 

06:37:26: -----------------------------------------------------------------------------
06:37:26: Microsoft Windows 10 Enterprise
06:37:26:  (9200)

06:37:26: C:\Users\vmishra\source\repos\EmployeeManagementSystem\EmployeeManagementSystem\bin\Debug\EmployeeManagementSystem.exe (Process Id: 37628, Thread Id: 1)
06:37:26: Version 1.0.0.0 Build 0
06:37:26: User language: English (United States), System language: en-US
06:37:26: Report Level 5
06:37:26: Username: VMishra, Workstation: BLR-LT-101247
06:37:26: Tuesday, November 3, 2020
06:37:26: -----------------------------------------------------------------------------
06:37:42 INFO: EmployeeManagementSystem.CommandInvoker+<InvokeAsync>d__4.MoveNext - Invoking command - EmpAddCommand 
06:38:25 INFO: EmployeeManagementSystem.CommandInvoker+<InvokeAsync>d__4.MoveNext - Invoking command - SearchCommand 
06:38:27 INFO: EmployeeManagementSystem.CommandInvoker+<InvokeAsync>d__4.MoveNext - Invoking command - SearchCommand 
06:38:44 INFO: EmployeeManagementSystem.CommandInvoker+<InvokeAsync>d__4.MoveNext - Invoking command - SearchCommand 
06:38:50 INFO: EmployeeManagementSystem.CommandInvoker+<InvokeAsync>d__4.MoveNext - Invoking command - SearchCommand 

06:41:58: -----------------------------------------------------------------------------
06:41:58: Microsoft Windows 10 Enterprise
06:41:58:  (9200)

06:41:58: C:\Users\vmishra\source\repos\EmployeeManagementSystem\EmployeeManagementSystem\bin\Debug\EmployeeManagementSystem.exe (Process Id: 20856, Thread Id: 1)
06:41:58: Version 1.0.0.0 Build 0
06:41:58: User language: English (United States), System language: en-US
06:41:58: Report Level 5
06:41:58: Username: VMishra, Workstation: BLR-LT-101247
06:41:58: Tuesday, November 3, 2020
06:41:58: -----------------------------------------------------------------------------
06:42:09 INFO: EmployeeManagementSystem.CommandInvoker+<InvokeAsync>d__4.MoveNext - Invoking command - SearchCommand 
06:42:29 INFO: EmployeeManagementSystem.CommandInvoker+<InvokeAsync>d__4.MoveNext - Invoking command - SearchCommand 

06:44:17: -----------------------------------------------------------------------------
06:44:17: Microsoft Windows 10 Enterprise
06:44:17:  (9200)

06:44:17: C:\Users\vmishra\source\repos\EmployeeManagementSystem\EmployeeManagementSystem\bin\Debug\EmployeeManagementSystem.exe (Process Id: 33308, Thread Id: 1)
06:44:17: Version 1.0.0.0 Build 0
06:44:17: User language: English (United States), System language: en-US
06:44:17: Report Level 5
06:44:17: Username: VMishra, Workstation: BLR-LT-101247
06:44:17: Tuesday, November 3, 2020
06:44:17: -----------------------------------------------------------------------------
06:44:26 INFO: EmployeeManagementSystem.CommandInvoker+<InvokeAsync>d__4.MoveNext - Invoking command - SearchCommand 
06:44:32 INFO: EmployeeManagementSystem.CommandInvoker+<InvokeAsync>d__4.MoveNext - Invoking command - SearchCommand 

06:50:40: -----------------------------------------------------------------------------
06:50:40: Microsoft Windows 10 Enterprise
06:50:40:  (9200)

06:50:40: C:\Users\vmishra\source\repos\EmployeeManagementSystem\EmployeeManagementSystem\bin\Debug\EmployeeManagementSystem.exe (Process Id: 24136, Thread Id: 1)
06:50:40: Version 1.0.0.0 Build 0
06:50:40: User language: English (United States), System language: en-US
06:50:40: Report Level 5
06:50:40: Username: VMishra, Workstation: BLR-LT-101247
06:50:40: Tuesday, November 3, 2020
06:50:40: -----------------------------------------------------------------------------
06:50:51 INFO: EmployeeManagementSystem.CommandInvoker+<InvokeAsync>d__4.MoveNext - Invoking command - SearchCommand 
06:50:53 INFO: EmployeeManagementSystem.CommandInvoker+<InvokeAsync>d__4.MoveNext - Invoking command - SearchCommand 
06:51:12 INFO: EmployeeManagementSystem.CommandInvoker+<InvokeAsync>d__4.MoveNext - Invoking command - SearchCommand 
06:51:16 INFO: EmployeeManagementSystem.CommandInvoker+<InvokeAsync>d__4.MoveNext - Invoking command - SearchCommand 

06:52:31: -----------------------------------------------------------------------------
06:52:31: Microsoft Windows 10 Enterprise
06:52:31:  (9200)

06:52:31: C:\Users\vmishra\source\repos\EmployeeManagementSystem\EmployeeManagementSystem\bin\Debug\EmployeeManagementSystem.exe (Process Id: 24652, Thread Id: 1)
06:52:31: Version 1.0.0.0 Build 0
06:52:31: User language: English (United States), System language: en-US
06:52:31: Report Level 5
06:52:31: Username: VMishra, Workstation: BLR-LT-101247
06:52:31: Tuesday, November 3, 2020
06:52:31: -----------------------------------------------------------------------------
06:52:34 INFO: EmployeeManagementSystem.CommandInvoker+<InvokeAsync>d__4.MoveNext - Invoking command - SearchCommand 
06:53:00 INFO: EmployeeManagementSystem.CommandInvoker+<InvokeAsync>d__4.MoveNext - Invoking command - EmpAddCommand 
06:53:46 INFO: EmployeeManagementSystem.CommandInvoker+<InvokeAsync>d__4.MoveNext - Invoking command - EmpAddCommand 

06:55:30: -----------------------------------------------------------------------------
06:55:30: Microsoft Windows 10 Enterprise
06:55:30:  (9200)

06:55:30: C:\Users\vmishra\source\repos\EmployeeManagementSystem\EmployeeManagementSystem\bin\Debug\EmployeeManagementSystem.exe (Process Id: 34632, Thread Id: 1)
06:55:30: Version 1.0.0.0 Build 0
06:55:30: User language: English (United States), System language: en-US
06:55:30: Report Level 5
06:55:30: Username: VMishra, Workstation: BLR-LT-101247
06:55:30: Tuesday, November 3, 2020
06:55:30: -----------------------------------------------------------------------------
06:55:46 INFO: EmployeeManagementSystem.CommandInvoker+<InvokeAsync>d__4.MoveNext - Invoking command - EmpAddCommand 

06:57:30: -----------------------------------------------------------------------------
06:57:30: Microsoft Windows 10 Enterprise
06:57:30:  (9200)

06:57:30: C:\Users\vmishra\source\repos\EmployeeManagementSystem\EmployeeManagementSystem\bin\Debug\EmployeeManagementSystem.exe (Process Id: 3616, Thread Id: 1)
06:57:30: Version 1.0.0.0 Build 0
06:57:30: User language: English (United States), System language: en-US
06:57:30: Report Level 5
06:57:30: Username: VMishra, Workstation: BLR-LT-101247
06:57:30: Tuesday, November 3, 2020
06:57:30: -----------------------------------------------------------------------------
06:57:38 INFO: EmployeeManagementSystem.CommandInvoker+<InvokeAsync>d__4.MoveNext - Invoking command - SearchCommand 
06:57:48 INFO: EmployeeManagementSystem.CommandInvoker+<InvokeAsync>d__4.MoveNext - Invoking command - SearchCommand 
06:58:15 INFO: EmployeeManagementSystem.CommandInvoker+<InvokeAsync>d__4.MoveNext - Invoking command - SearchCommand 
07:18:59 INFO: EmployeeManagementSystem.CommandInvoker+<InvokeAsync>d__4.MoveNext - Invoking command - EmpAddCommand 
10:14:39 INFO: EmployeeManagementSystem.CommandInvoker+<InvokeAsync>d__4.MoveNext - Invoking command - SearchCommand 
10:14:55 INFO: EmployeeManagementSystem.CommandInvoker+<InvokeAsync>d__4.MoveNext - Invoking command - SearchCommand 
10:15:01 INFO: EmployeeManagementSystem.CommandInvoker+<InvokeAsync>d__4.MoveNext - Invoking command - SearchCommand 
10:15:08 INFO: EmployeeManagementSystem.CommandInvoker+<InvokeAsync>d__4.MoveNext - Invoking command - SearchCommand 
10:15:25 INFO: EmployeeManagementSystem.CommandInvoker+<InvokeAsync>d__4.MoveNext - Invoking command - EmpAddCommand 
10:47:24 INFO: EmployeeManagementSystem.CommandInvoker+<InvokeAsync>d__4.MoveNext - Invoking command - SearchCommand 
10:47:33 INFO: EmployeeManagementSystem.CommandInvoker+<InvokeAsync>d__4.MoveNext - Invoking command - SearchCommand 
10:47:49 INFO: EmployeeManagementSystem.CommandInvoker+<InvokeAsync>d__4.MoveNext - Invoking command - EmpAddCommand 

14:35:42: -----------------------------------------------------------------------------
14:35:42: Microsoft Windows 10 Enterprise
14:35:42:  (9200)

14:35:42: C:\Users\vmishra\source\repos\EmployeeManagementSystem\EmployeeManagementSystem\bin\Debug\EmployeeManagementSystem.exe (Process Id: 21780, Thread Id: 1)
14:35:42: Version 1.0.0.0 Build 0
14:35:42: User language: English (United States), System language: en-US
14:35:42: Report Level 5
14:35:42: Username: VMishra, Workstation: BLR-LT-101247
14:35:42: Tuesday, November 3, 2020
14:35:42: -----------------------------------------------------------------------------
14:35:45 INFO: EmployeeManagementSystem.CommandInvoker+<InvokeAsync>d__4.MoveNext - Invoking command - SearchCommand 

14:40:39: -----------------------------------------------------------------------------
14:40:39: Microsoft Windows 10 Enterprise
14:40:39:  (9200)

14:40:39: C:\Users\vmishra\source\repos\EmployeeManagementSystem\EmployeeManagementSystem\bin\Debug\EmployeeManagementSystem.exe (Process Id: 23088, Thread Id: 1)
14:40:39: Version 1.0.0.0 Build 0
14:40:39: User language: English (United States), System language: en-US
14:40:39: Report Level 5
14:40:39: Username: VMishra, Workstation: BLR-LT-101247
14:40:39: Tuesday, November 3, 2020
14:40:39: -----------------------------------------------------------------------------
14:40:45 INFO: EmployeeManagementSystem.CommandInvoker+<InvokeAsync>d__4.MoveNext - Invoking command - SearchCommand 

14:52:43: -----------------------------------------------------------------------------
14:52:43: Microsoft Windows 10 Enterprise
14:52:43:  (9200)

14:52:43: C:\Users\vmishra\source\repos\EmployeeManagementSystem\EmployeeManagementSystem\bin\Debug\EmployeeManagementSystem.exe (Process Id: 2560, Thread Id: 1)
14:52:43: Version 1.0.0.0 Build 0
14:52:43: User language: English (United States), System language: en-US
14:52:43: Report Level 5
14:52:43: Username: VMishra, Workstation: BLR-LT-101247
14:52:43: Tuesday, November 3, 2020
14:52:43: -----------------------------------------------------------------------------
14:53:00 INFO: EmployeeManagementSystem.CommandInvoker+<InvokeAsync>d__4.MoveNext - Invoking command - SearchCommand 

14:56:14: -----------------------------------------------------------------------------
14:56:14: Microsoft Windows 10 Enterprise
14:56:14:  (9200)

14:56:14: C:\Users\vmishra\source\repos\EmployeeManagementSystem\EmployeeManagementSystem\bin\Debug\EmployeeManagementSystem.exe (Process Id: 33388, Thread Id: 1)
14:56:14: Version 1.0.0.0 Build 0
14:56:14: User language: English (United States), System language: en-US
14:56:14: Report Level 5
14:56:14: Username: VMishra, Workstation: BLR-LT-101247
14:56:14: Tuesday, November 3, 2020
14:56:14: -----------------------------------------------------------------------------

15:18:25: -----------------------------------------------------------------------------
15:18:25: Microsoft Windows 10 Enterprise
15:18:25:  (9200)

15:18:25: C:\Users\vmishra\source\repos\EmployeeManagementSystem\EmployeeManagementSystem\bin\Debug\EmployeeManagementSystem.exe (Process Id: 40804, Thread Id: 1)
15:18:25: Version 1.0.0.0 Build 0
15:18:25: User language: English (United States), System language: en-US
15:18:25: Report Level 5
15:18:25: Username: VMishra, Workstation: BLR-LT-101247
15:18:25: Tuesday, November 3, 2020
15:18:25: -----------------------------------------------------------------------------
15:18:44 INFO: EmployeeManagementSystem.CommandInvoker+<InvokeAsync>d__4.MoveNext - Invoking command - SearchCommand 

15:19:34: -----------------------------------------------------------------------------
15:19:34: Microsoft Windows 10 Enterprise
15:19:34:  (9200)

15:19:34: C:\Users\vmishra\source\repos\EmployeeManagementSystem\EmployeeManagementSystem\bin\Debug\EmployeeManagementSystem.exe (Process Id: 976, Thread Id: 1)
15:19:34: Version 1.0.0.0 Build 0
15:19:34: User language: English (United States), System language: en-US
15:19:34: Report Level 5
15:19:34: Username: VMishra, Workstation: BLR-LT-101247
15:19:34: Tuesday, November 3, 2020
15:19:34: -----------------------------------------------------------------------------
15:19:41 INFO: EmployeeManagementSystem.CommandInvoker+<InvokeAsync>d__4.MoveNext - Invoking command - SearchCommand 

15:30:11: -----------------------------------------------------------------------------
15:30:11: Microsoft Windows 10 Enterprise
15:30:11:  (9200)

15:30:11: C:\Users\vmishra\source\repos\EmployeeManagementSystem\EmployeeManagementSystem\bin\Debug\EmployeeManagementSystem.exe (Process Id: 17808, Thread Id: 1)
15:30:11: Version 1.0.0.0 Build 0
15:30:11: User language: English (United States), System language: en-US
15:30:11: Report Level 5
15:30:11: Username: VMishra, Workstation: BLR-LT-101247
15:30:11: Tuesday, November 3, 2020
15:30:11: -----------------------------------------------------------------------------
15:30:15 INFO: EmployeeManagementSystem.CommandInvoker+<InvokeAsync>d__4.MoveNext - Invoking command - SearchCommand 

15:33:56: -----------------------------------------------------------------------------
15:33:56: Microsoft Windows 10 Enterprise
15:33:56:  (9200)

15:33:56: C:\Users\vmishra\source\repos\EmployeeManagementSystem\EmployeeManagementSystem\bin\Debug\EmployeeManagementSystem.exe (Process Id: 12704, Thread Id: 1)
15:33:56: Version 1.0.0.0 Build 0
15:33:56: User language: English (United States), System language: en-US
15:33:56: Report Level 5
15:33:56: Username: VMishra, Workstation: BLR-LT-101247
15:33:56: Tuesday, November 3, 2020
15:33:56: -----------------------------------------------------------------------------
15:34:01 INFO: EmployeeManagementSystem.CommandInvoker+<InvokeAsync>d__4.MoveNext - Invoking command - SearchCommand 
15:34:22 INFO: EmployeeManagementSystem.CommandInvoker+<InvokeAsync>d__4.MoveNext - Invoking command - EmpAddCommand 
15:34:57 INFO: EmployeeManagementSystem.CommandInvoker+<InvokeAsync>d__4.MoveNext - Invoking command - EmpAddCommand 
15:35:12 INFO: EmployeeManagementSystem.CommandInvoker+<InvokeAsync>d__4.MoveNext - Invoking command - EmpAddCommand 

15:39:43: -----------------------------------------------------------------------------
15:39:43: Microsoft Windows 10 Enterprise
15:39:43:  (9200)

15:39:43: C:\Users\vmishra\source\repos\EmployeeManagementSystem\EmployeeManagementSystem\bin\Debug\EmployeeManagementSystem.exe (Process Id: 17484, Thread Id: 1)
15:39:43: Version 1.0.0.0 Build 0
15:39:43: User language: English (United States), System language: en-US
15:39:43: Report Level 5
15:39:43: Username: VMishra, Workstation: BLR-LT-101247
15:39:43: Tuesday, November 3, 2020
15:39:43: -----------------------------------------------------------------------------
15:40:12 INFO: EmployeeManagementSystem.CommandInvoker+<InvokeAsync>d__4.MoveNext - Invoking command - EmpAddCommand 
15:40:22 INFO: EmployeeManagementSystem.CommandInvoker+<InvokeAsync>d__4.MoveNext - Invoking command - EmpAddCommand 

16:35:41: -----------------------------------------------------------------------------
16:35:41: Microsoft Windows 10 Enterprise
16:35:41:  (9200)

16:35:41: C:\Users\vmishra\source\repos\EmployeeManagementSystem\EmployeeManagementSystem\bin\Debug\EmployeeManagementSystem.exe (Process Id: 23536, Thread Id: 1)
16:35:41: Version 1.0.0.0 Build 0
16:35:41: User language: English (United States), System language: en-US
16:35:41: Report Level 5
16:35:41: Username: VMishra, Workstation: BLR-LT-101247
16:35:41: Tuesday, November 3, 2020
16:35:41: -----------------------------------------------------------------------------
16:35:46 INFO: EmployeeManagementSystem.CommandInvoker+<InvokeAsync>d__4.MoveNext - Invoking command - SearchCommand 

16:38:11: -----------------------------------------------------------------------------
16:38:11: Microsoft Windows 10 Enterprise
16:38:11:  (9200)

16:38:11: C:\Users\vmishra\source\repos\EmployeeManagementSystem\EmployeeManagementSystem\bin\Debug\EmployeeManagementSystem.exe (Process Id: 20124, Thread Id: 1)
16:38:11: Version 1.0.0.0 Build 0
16:38:11: User language: English (United States), System language: en-US
16:38:11: Report Level 5
16:38:11: Username: VMishra, Workstation: BLR-LT-101247
16:38:11: Tuesday, November 3, 2020
16:38:11: -----------------------------------------------------------------------------
16:38:19 INFO: EmployeeManagementSystem.CommandInvoker+<InvokeAsync>d__4.MoveNext - Invoking command - SearchCommand 

16:39:29: -----------------------------------------------------------------------------
16:39:29: Microsoft Windows 10 Enterprise
16:39:29:  (9200)

16:39:29: C:\Users\vmishra\source\repos\EmployeeManagementSystem\EmployeeManagementSystem\bin\Debug\EmployeeManagementSystem.exe (Process Id: 24352, Thread Id: 1)
16:39:29: Version 1.0.0.0 Build 0
16:39:29: User language: English (United States), System language: en-US
16:39:29: Report Level 5
16:39:29: Username: VMishra, Workstation: BLR-LT-101247
16:39:29: Tuesday, November 3, 2020
16:39:29: -----------------------------------------------------------------------------
16:39:54 INFO: EmployeeManagementSystem.CommandInvoker+<InvokeAsync>d__4.MoveNext - Invoking command - SearchCommand 

16:41:15: -----------------------------------------------------------------------------
16:41:15: Microsoft Windows 10 Enterprise
16:41:15:  (9200)

16:41:15: C:\Users\vmishra\source\repos\EmployeeManagementSystem\EmployeeManagementSystem\bin\Debug\EmployeeManagementSystem.exe (Process Id: 8316, Thread Id: 1)
16:41:15: Version 1.0.0.0 Build 0
16:41:15: User language: English (United States), System language: en-US
16:41:15: Report Level 5
16:41:15: Username: VMishra, Workstation: BLR-LT-101247
16:41:15: Tuesday, November 3, 2020
16:41:15: -----------------------------------------------------------------------------
16:41:27 INFO: EmployeeManagementSystem.CommandInvoker+<InvokeAsync>d__4.MoveNext - Invoking command - SearchCommand 
16:41:33 INFO: EmployeeManagementSystem.CommandInvoker+<InvokeAsync>d__4.MoveNext - Invoking command - SearchCommand 
16:41:41 INFO: EmployeeManagementSystem.CommandInvoker+<InvokeAsync>d__4.MoveNext - Invoking command - SearchCommand 
16:41:45 INFO: EmployeeManagementSystem.CommandInvoker+<InvokeAsync>d__4.MoveNext - Invoking command - SearchCommand 
16:41:46 INFO: EmployeeManagementSystem.CommandInvoker+<InvokeAsync>d__4.MoveNext - Invoking command - SearchCommand 
16:42:01 INFO: EmployeeManagementSystem.CommandInvoker+<InvokeAsync>d__4.MoveNext - Invoking command - EmpAddCommand 
16:42:11 INFO: EmployeeManagementSystem.CommandInvoker+<InvokeAsync>d__4.MoveNext - Invoking command - SearchCommand 
16:42:13 INFO: EmployeeManagementSystem.CommandInvoker+<InvokeAsync>d__4.MoveNext - Invoking command - SearchCommand 
16:42:17 INFO: EmployeeManagementSystem.CommandInvoker+<InvokeAsync>d__4.MoveNext - Invoking command - EmpAddCommand 

16:46:06: -----------------------------------------------------------------------------
16:46:06: Microsoft Windows 10 Enterprise
16:46:06:  (9200)

16:46:06: C:\Users\vmishra\source\repos\EmployeeManagementSystem\EmployeeManagementSystem\bin\Debug\EmployeeManagementSystem.exe (Process Id: 21252, Thread Id: 1)
16:46:06: Version 1.0.0.0 Build 0
16:46:06: User language: English (United States), System language: en-US
16:46:06: Report Level 5
16:46:06: Username: VMishra, Workstation: BLR-LT-101247
16:46:06: Tuesday, November 3, 2020
16:46:06: -----------------------------------------------------------------------------
16:46:17 INFO: EmployeeManagementSystem.CommandInvoker+<InvokeAsync>d__4.MoveNext - Invoking command - SearchCommand 
16:46:24 INFO: EmployeeManagementSystem.CommandInvoker+<InvokeAsync>d__4.MoveNext - Invoking command - SearchCommand 
16:46:29 INFO: EmployeeManagementSystem.CommandInvoker+<InvokeAsync>d__4.MoveNext - Invoking command - SearchCommand 
16:46:33 INFO: EmployeeManagementSystem.CommandInvoker+<InvokeAsync>d__4.MoveNext - Invoking command - SearchCommand 
16:47:25 INFO: EmployeeManagementSystem.CommandInvoker+<InvokeAsync>d__4.MoveNext - Invoking command - SearchCommand 
16:47:27 INFO: EmployeeManagementSystem.CommandInvoker+<InvokeAsync>d__4.MoveNext - Invoking command - SearchCommand 
16:47:28 INFO: EmployeeManagementSystem.CommandInvoker+<InvokeAsync>d__4.MoveNext - Invoking command - SearchCommand 
16:47:28 INFO: EmployeeManagementSystem.CommandInvoker+<InvokeAsync>d__4.MoveNext - Invoking command - SearchCommand 
16:47:29 INFO: EmployeeManagementSystem.CommandInvoker+<InvokeAsync>d__4.MoveNext - Invoking command - SearchCommand 
16:47:29 INFO: EmployeeManagementSystem.CommandInvoker+<InvokeAsync>d__4.MoveNext - Invoking command - SearchCommand 
16:47:29 INFO: EmployeeManagementSystem.CommandInvoker+<InvokeAsync>d__4.MoveNext - Invoking command - SearchCommand 
16:47:29 INFO: EmployeeManagementSystem.CommandInvoker+<InvokeAsync>d__4.MoveNext - Invoking command - SearchCommand 
16:47:31 INFO: EmployeeManagementSystem.CommandInvoker+<InvokeAsync>d__4.MoveNext - Invoking command - SearchCommand 
16:47:35 INFO: EmployeeManagementSystem.CommandInvoker+<InvokeAsync>d__4.MoveNext - Invoking command - SearchCommand 
16:47:40 INFO: EmployeeManagementSystem.CommandInvoker+<InvokeAsync>d__4.MoveNext - Invoking command - SearchCommand 
16:47:41 INFO: EmployeeManagementSystem.CommandInvoker+<InvokeAsync>d__4.MoveNext - Invoking command - SearchCommand 
16:47:42 INFO: EmployeeManagementSystem.CommandInvoker+<InvokeAsync>d__4.MoveNext - Invoking command - SearchCommand 
16:47:45 INFO: EmployeeManagementSystem.CommandInvoker+<InvokeAsync>d__4.MoveNext - Invoking command - SearchCommand 
16:48:02 INFO: EmployeeManagementSystem.CommandInvoker+<InvokeAsync>d__4.MoveNext - Invoking command - SearchCommand 
16:48:05 INFO: EmployeeManagementSystem.CommandInvoker+<InvokeAsync>d__4.MoveNext - Invoking command - SearchCommand 
16:48:06 INFO: EmployeeManagementSystem.CommandInvoker+<InvokeAsync>d__4.MoveNext - Invoking command - SearchCommand 
16:48:07 INFO: EmployeeManagementSystem.CommandInvoker+<InvokeAsync>d__4.MoveNext - Invoking command - SearchCommand 
16:48:07 INFO: EmployeeManagementSystem.CommandInvoker+<InvokeAsync>d__4.MoveNext - Invoking command - SearchCommand 
16:48:07 INFO: EmployeeManagementSystem.CommandInvoker+<InvokeAsync>d__4.MoveNext - Invoking command - SearchCommand 
16:48:07 INFO: EmployeeManagementSystem.CommandInvoker+<InvokeAsync>d__4.MoveNext - Invoking command - SearchCommand 
16:48:08 INFO: EmployeeManagementSystem.CommandInvoker+<InvokeAsync>d__4.MoveNext - Invoking command - SearchCommand 
16:48:08 INFO: EmployeeManagementSystem.CommandInvoker+<InvokeAsync>d__4.MoveNext - Invoking command - SearchCommand 
16:48:08 INFO: EmployeeManagementSystem.CommandInvoker+<InvokeAsync>d__4.MoveNext - Invoking command - SearchCommand 
16:48:08 INFO: EmployeeManagementSystem.CommandInvoker+<InvokeAsync>d__4.MoveNext - Invoking command - SearchCommand 
16:48:08 INFO: EmployeeManagementSystem.CommandInvoker+<InvokeAsync>d__4.MoveNext - Invoking command - SearchCommand 
16:48:08 INFO: EmployeeManagementSystem.CommandInvoker+<InvokeAsync>d__4.MoveNext - Invoking command - SearchCommand 
16:48:09 INFO: EmployeeManagementSystem.CommandInvoker+<InvokeAsync>d__4.MoveNext - Invoking command - SearchCommand 
16:48:09 INFO: EmployeeManagementSystem.CommandInvoker+<InvokeAsync>d__4.MoveNext - Invoking command - SearchCommand 
16:48:09 INFO: EmployeeManagementSystem.CommandInvoker+<InvokeAsync>d__4.MoveNext - Invoking command - SearchCommand 
16:48:09 INFO: EmployeeManagementSystem.CommandInvoker+<InvokeAsync>d__4.MoveNext - Invoking command - SearchCommand 
16:48:29 INFO: EmployeeManagementSystem.CommandInvoker+<InvokeAsync>d__4.MoveNext - Invoking command - EmpAddCommand 
16:48:46 INFO: EmployeeManagementSystem.CommandInvoker+<InvokeAsync>d__4.MoveNext - Invoking command - SearchCommand 
16:48:51 INFO: EmployeeManagementSystem.CommandInvoker+<InvokeAsync>d__4.MoveNext - Invoking command - SearchCommand 
16:48:55 INFO: EmployeeManagementSystem.CommandInvoker+<InvokeAsync>d__4.MoveNext - Invoking command - SearchCommand 
16:48:58 INFO: EmployeeManagementSystem.CommandInvoker+<InvokeAsync>d__4.MoveNext - Invoking command - SearchCommand 

16:51:04: -----------------------------------------------------------------------------
16:51:04: Microsoft Windows 10 Enterprise
16:51:04:  (9200)

16:51:04: C:\Users\vmishra\source\repos\EmployeeManagementSystem\EmployeeManagementSystem\bin\Debug\EmployeeManagementSystem.exe (Process Id: 964, Thread Id: 1)
16:51:04: Version 1.0.0.0 Build 0
16:51:04: User language: English (United States), System language: en-US
16:51:04: Report Level 5
16:51:04: Username: VMishra, Workstation: BLR-LT-101247
16:51:04: Tuesday, November 3, 2020
16:51:04: -----------------------------------------------------------------------------
16:51:10 INFO: EmployeeManagementSystem.CommandInvoker+<InvokeAsync>d__4.MoveNext - Invoking command - SearchCommand 
16:51:13 INFO: EmployeeManagementSystem.CommandInvoker+<InvokeAsync>d__4.MoveNext - Invoking command - SearchCommand 
16:51:13 INFO: EmployeeManagementSystem.CommandInvoker+<InvokeAsync>d__4.MoveNext - Invoking command - SearchCommand 
16:51:13 INFO: EmployeeManagementSystem.CommandInvoker+<InvokeAsync>d__4.MoveNext - Invoking command - SearchCommand 
16:51:14 INFO: EmployeeManagementSystem.CommandInvoker+<InvokeAsync>d__4.MoveNext - Invoking command - SearchCommand 
16:51:14 INFO: EmployeeManagementSystem.CommandInvoker+<InvokeAsync>d__4.MoveNext - Invoking command - SearchCommand 
16:51:14 INFO: EmployeeManagementSystem.CommandInvoker+<InvokeAsync>d__4.MoveNext - Invoking command - SearchCommand 
16:51:14 INFO: EmployeeManagementSystem.CommandInvoker+<InvokeAsync>d__4.MoveNext - Invoking command - SearchCommand 
16:51:14 INFO: EmployeeManagementSystem.CommandInvoker+<InvokeAsync>d__4.MoveNext - Invoking command - SearchCommand 
16:51:30 INFO: EmployeeManagementSystem.CommandInvoker+<InvokeAsync>d__4.MoveNext - Invoking command - SearchCommand 

16:53:22: -----------------------------------------------------------------------------
16:53:22: Microsoft Windows 10 Enterprise
16:53:22:  (9200)

16:53:22: C:\Users\vmishra\source\repos\EmployeeManagementSystem\EmployeeManagementSystem\bin\Debug\EmployeeManagementSystem.exe (Process Id: 28228, Thread Id: 1)
16:53:22: Version 1.0.0.0 Build 0
16:53:22: User language: English (United States), System language: en-US
16:53:22: Report Level 5
16:53:22: Username: VMishra, Workstation: BLR-LT-101247
16:53:22: Tuesday, November 3, 2020
16:53:22: -----------------------------------------------------------------------------
16:53:40 INFO: EmployeeManagementSystem.CommandInvoker+<InvokeAsync>d__4.MoveNext - Invoking command - SearchCommand 
16:53:44 INFO: EmployeeManagementSystem.CommandInvoker+<InvokeAsync>d__4.MoveNext - Invoking command - SearchCommand 
16:53:44 INFO: EmployeeManagementSystem.CommandInvoker+<InvokeAsync>d__4.MoveNext - Invoking command - SearchCommand 
16:53:45 INFO: EmployeeManagementSystem.CommandInvoker+<InvokeAsync>d__4.MoveNext - Invoking command - SearchCommand 
16:53:45 INFO: EmployeeManagementSystem.CommandInvoker+<InvokeAsync>d__4.MoveNext - Invoking command - SearchCommand 
16:53:45 INFO: EmployeeManagementSystem.CommandInvoker+<InvokeAsync>d__4.MoveNext - Invoking command - SearchCommand 
16:53:45 INFO: EmployeeManagementSystem.CommandInvoker+<InvokeAsync>d__4.MoveNext - Invoking command - SearchCommand 
16:53:45 INFO: EmployeeManagementSystem.CommandInvoker+<InvokeAsync>d__4.MoveNext - Invoking command - SearchCommand 
16:53:46 INFO: EmployeeManagementSystem.CommandInvoker+<InvokeAsync>d__4.MoveNext - Invoking command - SearchCommand 
16:53:46 INFO: EmployeeManagementSystem.CommandInvoker+<InvokeAsync>d__4.MoveNext - Invoking command - SearchCommand 
16:53:46 INFO: EmployeeManagementSystem.CommandInvoker+<InvokeAsync>d__4.MoveNext - Invoking command - SearchCommand 
16:53:46 INFO: EmployeeManagementSystem.CommandInvoker+<InvokeAsync>d__4.MoveNext - Invoking command - SearchCommand 
16:53:46 INFO: EmployeeManagementSystem.CommandInvoker+<InvokeAsync>d__4.MoveNext - Invoking command - SearchCommand 
16:53:58 INFO: EmployeeManagementSystem.CommandInvoker+<InvokeAsync>d__4.MoveNext - Invoking command - SearchCommand 
16:53:58 INFO: EmployeeManagementSystem.CommandInvoker+<InvokeAsync>d__4.MoveNext - Invoking command - SearchCommand 
16:53:59 INFO: EmployeeManagementSystem.CommandInvoker+<InvokeAsync>d__4.MoveNext - Invoking command - SearchCommand 
16:53:59 INFO: EmployeeManagementSystem.CommandInvoker+<InvokeAsync>d__4.MoveNext - Invoking command - SearchCommand 
16:53:59 INFO: EmployeeManagementSystem.CommandInvoker+<InvokeAsync>d__4.MoveNext - Invoking command - SearchCommand 

16:56:01: -----------------------------------------------------------------------------
16:56:01: Microsoft Windows 10 Enterprise
16:56:01:  (9200)

16:56:01: C:\Users\vmishra\source\repos\EmployeeManagementSystem\EmployeeManagementSystem\bin\Debug\EmployeeManagementSystem.exe (Process Id: 26104, Thread Id: 1)
16:56:01: Version 1.0.0.0 Build 0
16:56:01: User language: English (United States), System language: en-US
16:56:01: Report Level 5
16:56:01: Username: VMishra, Workstation: BLR-LT-101247
16:56:01: Tuesday, November 3, 2020
16:56:01: -----------------------------------------------------------------------------
16:56:03 INFO: EmployeeManagementSystem.CommandInvoker+<InvokeAsync>d__4.MoveNext - Invoking command - SearchCommand 
16:56:05 INFO: EmployeeManagementSystem.CommandInvoker+<InvokeAsync>d__4.MoveNext - Invoking command - SearchCommand 
16:56:05 INFO: EmployeeManagementSystem.CommandInvoker+<InvokeAsync>d__4.MoveNext - Invoking command - SearchCommand 
16:56:05 INFO: EmployeeManagementSystem.CommandInvoker+<InvokeAsync>d__4.MoveNext - Invoking command - SearchCommand 
16:56:06 INFO: EmployeeManagementSystem.CommandInvoker+<InvokeAsync>d__4.MoveNext - Invoking command - SearchCommand 
16:56:11 INFO: EmployeeManagementSystem.CommandInvoker+<InvokeAsync>d__4.MoveNext - Invoking command - SearchCommand 
16:56:15 INFO: EmployeeManagementSystem.CommandInvoker+<InvokeAsync>d__4.MoveNext - Invoking command - SearchCommand 
16:56:16 INFO: EmployeeManagementSystem.CommandInvoker+<InvokeAsync>d__4.MoveNext - Invoking command - SearchCommand 
16:56:16 INFO: EmployeeManagementSystem.CommandInvoker+<InvokeAsync>d__4.MoveNext - Invoking command - SearchCommand 
16:56:18 INFO: EmployeeManagementSystem.CommandInvoker+<InvokeAsync>d__4.MoveNext - Invoking command - SearchCommand 

17:03:55: -----------------------------------------------------------------------------
17:03:55: Microsoft Windows 10 Enterprise
17:03:55:  (9200)

17:03:55: C:\Users\vmishra\source\repos\EmployeeManagementSystem\EmployeeManagementSystem\bin\Debug\EmployeeManagementSystem.exe (Process Id: 23288, Thread Id: 1)
17:03:55: Version 1.0.0.0 Build 0
17:03:55: User language: English (United States), System language: en-US
17:03:55: Report Level 5
17:03:55: Username: VMishra, Workstation: BLR-LT-101247
17:03:55: Tuesday, November 3, 2020
17:03:55: -----------------------------------------------------------------------------
17:03:57 INFO: EmployeeManagementSystem.CommandInvoker+<InvokeAsync>d__4.MoveNext - Invoking command - SearchCommand 
17:04:01 INFO: EmployeeManagementSystem.CommandInvoker+<InvokeAsync>d__4.MoveNext - Invoking command - SearchCommand 
17:04:01 INFO: EmployeeManagementSystem.CommandInvoker+<InvokeAsync>d__4.MoveNext - Invoking command - SearchCommand 
17:04:02 INFO: EmployeeManagementSystem.CommandInvoker+<InvokeAsync>d__4.MoveNext - Invoking command - SearchCommand 
17:04:02 INFO: EmployeeManagementSystem.CommandInvoker+<InvokeAsync>d__4.MoveNext - Invoking command - SearchCommand 
17:04:02 INFO: EmployeeManagementSystem.CommandInvoker+<InvokeAsync>d__4.MoveNext - Invoking command - SearchCommand 
17:04:02 INFO: EmployeeManagementSystem.CommandInvoker+<InvokeAsync>d__4.MoveNext - Invoking command - SearchCommand 
17:04:03 INFO: EmployeeManagementSystem.CommandInvoker+<InvokeAsync>d__4.MoveNext - Invoking command - SearchCommand 
17:04:24 INFO: EmployeeManagementSystem.CommandInvoker+<InvokeAsync>d__4.MoveNext - Invoking command - EmpAddCommand 
17:05:30 INFO: EmployeeManagementSystem.CommandInvoker+<InvokeAsync>d__4.MoveNext - Invoking command - EmpAddCommand 
17:05:47 INFO: EmployeeManagementSystem.CommandInvoker+<InvokeAsync>d__4.MoveNext - Invoking command - EmpAddCommand 
17:06:19 INFO: EmployeeManagementSystem.CommandInvoker+<InvokeAsync>d__4.MoveNext - Invoking command - EmpAddCommand 
17:16:20 INFO: EmployeeManagementSystem.CommandInvoker+<InvokeAsync>d__4.MoveNext - Invoking command - EmpAddCommand 

18:11:16: -----------------------------------------------------------------------------
18:11:16: Microsoft Windows 10 Enterprise
18:11:16:  (9200)

18:11:16: C:\Users\vmishra\source\repos\EmployeeManagementSystem\EmployeeManagementSystem\bin\Debug\EmployeeManagementSystem.exe (Process Id: 8564, Thread Id: 1)
18:11:16: Version 1.0.0.0 Build 0
18:11:16: User language: English (United States), System language: en-US
18:11:16: Report Level 5
18:11:16: Username: VMishra, Workstation: BLR-LT-101247
18:11:16: Tuesday, November 3, 2020
18:11:16: -----------------------------------------------------------------------------
18:11:19 INFO: EmployeeManagementSystem.CommandInvoker+<InvokeAsync>d__4.MoveNext - Invoking command - SearchCommand 
18:11:23 INFO: EmployeeManagementSystem.CommandInvoker+<InvokeAsync>d__4.MoveNext - Invoking command - SearchCommand 

18:51:26: -----------------------------------------------------------------------------
18:51:26: Microsoft Windows 10 Enterprise
18:51:26:  (9200)

18:51:26: C:\Users\vmishra\source\repos\EmployeeManagementSystem\EmployeeManagementSystem\bin\Debug\EmployeeManagementSystem.exe (Process Id: 22672, Thread Id: 1)
18:51:26: Version 1.0.0.0 Build 0
18:51:26: User language: English (United States), System language: en-US
18:51:26: Report Level 5
18:51:26: Username: VMishra, Workstation: BLR-LT-101247
18:51:26: Tuesday, November 3, 2020
18:51:26: -----------------------------------------------------------------------------
18:51:28 INFO: EmployeeManagementSystem.CommandInvoker+<InvokeAsync>d__4.MoveNext - Invoking command - SearchCommand 
18:51:31 INFO: EmployeeManagementSystem.CommandInvoker+<InvokeAsync>d__4.MoveNext - Invoking command - SearchCommand 
18:51:32 INFO: EmployeeManagementSystem.CommandInvoker+<InvokeAsync>d__4.MoveNext - Invoking command - SearchCommand 
18:51:32 INFO: EmployeeManagementSystem.CommandInvoker+<InvokeAsync>d__4.MoveNext - Invoking command - SearchCommand 
18:51:33 INFO: EmployeeManagementSystem.CommandInvoker+<InvokeAsync>d__4.MoveNext - Invoking command - SearchCommand 
18:51:33 INFO: EmployeeManagementSystem.CommandInvoker+<InvokeAsync>d__4.MoveNext - Invoking command - SearchCommand 
18:51:46 INFO: EmployeeManagementSystem.CommandInvoker+<InvokeAsync>d__4.MoveNext - Invoking command - EmpAddCommand 
